<?xml version="1.0" encoding="UTF-8"?>
<testng-results ignored="0" total="1" passed="1" failed="0" skipped="0">
  <reporter-output>
  </reporter-output>
  <suite started-at="2021-05-05T07:37:33Z" name="Project_Inspection" finished-at="2021-05-05T07:43:39Z" duration-ms="366024">
    <groups>
    </groups>
    <test started-at="2021-05-05T07:37:33Z" name="INS_Batch_Execution" finished-at="2021-05-05T07:43:39Z" duration-ms="366024">
      <class name="utilities.Reports">
        <test-method is-config="true" signature="Test_Reports()[pri:0, instance:utilities.Reports@184cf7cf]" started-at="2021-05-05T11:37:33Z" name="Test_Reports" finished-at="2021-05-05T11:37:33Z" duration-ms="175" status="PASS">
          <reporter-output>
          </reporter-output>
        </test-method> <!-- Test_Reports -->
      </class> <!-- utilities.Reports -->
      <class name="test_inspection.TC_DT_001">
        <test-method signature="TC_DT_01(java.lang.String, java.lang.String)[pri:0, instance:test_inspection.TC_DT_001@2fd6b6c7]" started-at="2021-05-05T11:37:33Z" name="TC_DT_01" finished-at="2021-05-05T11:43:39Z" duration-ms="365836" status="PASS">
          <params>
            <param index="0">
              <value>
                <![CDATA[D:\\Users\\muhammadghouse.imran\\Automation\\Projects\\Project_Inspection\\src\\main\\resources\\Inspection_SIT2.xlsx]]>
              </value>
            </param>
            <param index="1">
              <value>
                <![CDATA[SIT2]]>
              </value>
            </param>
          </params>
          <reporter-output>
          </reporter-output>
        </test-method> <!-- TC_DT_01 -->
      </class> <!-- test_inspection.TC_DT_001 -->
    </test> <!-- INS_Batch_Execution -->
  </suite> <!-- Project_Inspection -->
</testng-results>
