<?xml version="1.0" encoding="UTF-8"?>
<!-- Generated by org.testng.reporters.JUnitXMLReporter -->
<testsuite ignored="0" hostname="DCD01509" failures="0" tests="2" name="Regression_DubaiTrade_Scope_Multiple" time="2228.46" errors="0" timestamp="06 Apr 2021 09:51:53 GMT">
  <testcase classname="test_inspection.TC_DT_MBR_001" name="TC_MBR_DT_01" time="2226.621"/>
  <testcase classname="test_inspection.TC_DT_MBR_002" name="TC_MBR_DT_02" time="1.65"/>
</testsuite> <!-- Regression_DubaiTrade_Scope_Multiple -->
